<?xml version="1.0" encoding="UTF-8"?>
<testng-results skipped="0" failed="0" total="1" passed="1">
  <reporter-output>
  </reporter-output>
  <suite name="Default suite" duration-ms="14371" started-at="2021-02-14T07:31:18Z" finished-at="2021-02-14T07:31:33Z">
    <groups>
    </groups>
    <test name="Default test" duration-ms="14371" started-at="2021-02-14T07:31:18Z" finished-at="2021-02-14T07:31:33Z">
      <class name="pgms.FLIp">
        <test-method status="PASS" signature="openappil()[pri:0, instance:pgms.FLIp@cc285f4]" name="openappil" is-config="true" duration-ms="12870" started-at="2021-02-14T13:01:18Z" finished-at="2021-02-14T13:01:31Z">
          <reporter-output>
          </reporter-output>
        </test-method> <!-- openappil -->
        <test-method status="PASS" signature="add()[pri:0, instance:pgms.FLIp@cc285f4]" name="add" duration-ms="649" started-at="2021-02-14T13:01:31Z" finished-at="2021-02-14T13:01:32Z">
          <reporter-output>
          </reporter-output>
        </test-method> <!-- add -->
        <test-method status="PASS" signature="closeappln()[pri:0, instance:pgms.FLIp@cc285f4]" name="closeappln" is-config="true" duration-ms="834" started-at="2021-02-14T13:01:32Z" finished-at="2021-02-14T13:01:33Z">
          <reporter-output>
          </reporter-output>
        </test-method> <!-- closeappln -->
      </class> <!-- pgms.FLIp -->
    </test> <!-- Default test -->
  </suite> <!-- Default suite -->
</testng-results>
