<?xml version="1.0" encoding="UTF-8"?>
<!-- Generated by org.testng.reporters.JUnitXMLReporter -->
<testsuite hostname="DESKTOP-P2RM02V" name="Test" tests="4" failures="0" timestamp="13 Feb 2021 23:21:22 GMT" time="0.031" errors="0">
  <testcase name="skipTest" time="0.0" classname="testq.skipdemo"/>
  <testcase name="addtest" time="0.0" classname="testq.skipdemo">
    <skipped/>
  </testcase> <!-- addtest -->
  <testcase name="addtest" time="0.0" classname="testq.skipdemo">
    <skipped/>
  </testcase> <!-- addtest -->
  <testcase name="addtest" time="0.0" classname="testq.skipdemo">
    <skipped/>
  </testcase> <!-- addtest -->
</testsuite> <!-- Test -->
